*** Starting uWSGI 2.0.18 (64bit) on [Wed Feb 19 20:23:55 2020] ***
compiled with version: 4.8.5 20150623 (Red Hat 4.8.5-39) on 19 February 2020 11:51:08
os: Linux-3.10.0-957.21.3.el7.x86_64 #1 SMP Tue Jun 18 16:35:19 UTC 2019
nodename: instance-p4xw2lvm
machine: x86_64
clock source: unix
pcre jit disabled
detected number of CPU cores: 1
current working directory: /www/wx/wx
detected binary path: /usr/bin/uwsgi
uWSGI running as root, you can use --uid/--gid/--chroot options
*** WARNING: you are running uWSGI as root !!! (use the --uid flag) *** 
*** WARNING: you are running uWSGI without its master process manager ***
your processes number limit is 3881
your memory page size is 4096 bytes
detected max file descriptor number: 65535
lock engine: pthread robust mutexes
thunder lock: disabled (you can enable it with --thunder-lock)
uwsgi socket 0 bound to TCP address 127.0.0.1:8105 fd 3
uWSGI running as root, you can use --uid/--gid/--chroot options
*** WARNING: you are running uWSGI as root !!! (use the --uid flag) *** 
Python version: 2.7.5 (default, Aug  7 2019, 00:51:29)  [GCC 4.8.5 20150623 (Red Hat 4.8.5-39)]
*** Python threads support is disabled. You can enable it with --enable-threads ***
Python main interpreter initialized at 0x25c0290
uWSGI running as root, you can use --uid/--gid/--chroot options
*** WARNING: you are running uWSGI as root !!! (use the --uid flag) *** 
your server socket listen backlog is limited to 100 connections
your mercy for graceful operations on workers is 60 seconds
mapped 72920 bytes (71 KB) for 1 cores
*** Operational MODE: single process ***
WSGI app 0 (mountpoint='') ready in 0 seconds on interpreter 0x25c0290 pid: 14280 (default app)
uWSGI running as root, you can use --uid/--gid/--chroot options
*** WARNING: you are running uWSGI as root !!! (use the --uid flag) *** 
*** uWSGI is running in multiple interpreter mode ***
spawned uWSGI worker 1 (and the only) (pid: 14280, cores: 1)
[pid: 14280|app: 0|req: 1/1] 123.144.101.176 () {44 vars in 768 bytes} [Wed Feb 19 20:24:31 2020] GET /wxl/wx => generated 26 bytes in 2 msecs (HTTP/1.1 200) 0 headers in 19 bytes (2 switches on core 0)
[pid: 14280|app: 0|req: 2/2] 123.144.101.176 () {44 vars in 768 bytes} [Wed Feb 19 20:24:57 2020] GET /wxl/wx => generated 26 bytes in 1 msecs (HTTP/1.1 200) 0 headers in 19 bytes (2 switches on core 0)
[pid: 14280|app: 0|req: 3/3] 123.144.101.176 () {44 vars in 768 bytes} [Wed Feb 19 20:24:58 2020] GET /wxl/wx => generated 26 bytes in 1 msecs (HTTP/1.1 200) 0 headers in 19 bytes (2 switches on core 0)
[pid: 14280|app: 0|req: 4/4] 123.144.101.176 () {44 vars in 768 bytes} [Wed Feb 19 20:25:03 2020] GET /wxl/wx => generated 26 bytes in 7 msecs (HTTP/1.1 200) 0 headers in 19 bytes (2 switches on core 0)
[pid: 14280|app: 0|req: 5/5] 123.144.101.176 () {44 vars in 768 bytes} [Wed Feb 19 20:25:03 2020] GET /wxl/wx => generated 26 bytes in 1 msecs (HTTP/1.1 200) 0 headers in 19 bytes (2 switches on core 0)
[pid: 14280|app: 0|req: 6/6] 123.144.101.176 () {44 vars in 768 bytes} [Wed Feb 19 20:25:56 2020] GET /wxl/wx => generated 26 bytes in 1 msecs (HTTP/1.1 200) 0 headers in 19 bytes (2 switches on core 0)
*** Starting uWSGI 2.0.18 (64bit) on [Thu Feb 20 10:28:21 2020] ***
compiled with version: 4.8.5 20150623 (Red Hat 4.8.5-36) on 28 June 2019 17:30:15
os: Linux-3.10.0-957.21.3.el7.x86_64 #1 SMP Tue Jun 18 16:35:19 UTC 2019
nodename: instance-p4xw2lvm
machine: x86_64
clock source: unix
pcre jit disabled
detected number of CPU cores: 1
current working directory: /www/wx/wx
detected binary path: /usr/local/bin/uwsgi
uWSGI running as root, you can use --uid/--gid/--chroot options
*** WARNING: you are running uWSGI as root !!! (use the --uid flag) *** 
*** WARNING: you are running uWSGI without its master process manager ***
your processes number limit is 3881
your memory page size is 4096 bytes
detected max file descriptor number: 65535
lock engine: pthread robust mutexes
thunder lock: disabled (you can enable it with --thunder-lock)
uwsgi socket 0 bound to TCP address 127.0.0.1:8105 fd 3
uWSGI running as root, you can use --uid/--gid/--chroot options
*** WARNING: you are running uWSGI as root !!! (use the --uid flag) *** 
Python version: 3.6.8 (default, Jun 25 2019, 13:44:13)  [GCC 4.8.5 20150623 (Red Hat 4.8.5-36)]
*** Python threads support is disabled. You can enable it with --enable-threads ***
Python main interpreter initialized at 0x10ffae0
uWSGI running as root, you can use --uid/--gid/--chroot options
*** WARNING: you are running uWSGI as root !!! (use the --uid flag) *** 
your server socket listen backlog is limited to 100 connections
your mercy for graceful operations on workers is 60 seconds
mapped 72920 bytes (71 KB) for 1 cores
*** Operational MODE: single process ***
WSGI app 0 (mountpoint='') ready in 1 seconds on interpreter 0x10ffae0 pid: 4529 (default app)
uWSGI running as root, you can use --uid/--gid/--chroot options
*** WARNING: you are running uWSGI as root !!! (use the --uid flag) *** 
*** uWSGI is running in multiple interpreter mode ***
spawned uWSGI worker 1 (and the only) (pid: 4529, cores: 1)
[pid: 4529|app: 0|req: 1/1] 123.144.101.176 () {42 vars in 737 bytes} [Thu Feb 20 10:28:36 2020] GET /wxl/wx => generated 26 bytes in 1 msecs (HTTP/1.1 200) 0 headers in 19 bytes (2 switches on core 0)
[pid: 4529|app: 0|req: 2/2] 223.166.222.104 () {36 vars in 656 bytes} [Thu Feb 20 10:46:29 2020] GET /wxl/wx?signature=1eea2ce32b3b2e9fd79f93251ca6f4e6dd3178d4&echostr=1686886610838092693&timestamp=1582166789&nonce=1999765858 => generated 22734 bytes in 57 msecs (HTTP/1.0 500) 1 headers in 63 bytes (2 switches on core 0)
[pid: 4529|app: 0|req: 3/3] 123.144.101.176 () {42 vars in 737 bytes} [Thu Feb 20 10:46:32 2020] GET /wxl/wx => generated 22279 bytes in 4 msecs (HTTP/1.1 500) 1 headers in 63 bytes (2 switches on core 0)
[pid: 4529|app: 0|req: 4/4] 123.144.101.176 () {44 vars in 768 bytes} [Thu Feb 20 10:47:36 2020] GET /wxl/wx => generated 22368 bytes in 4 msecs (HTTP/1.1 500) 1 headers in 63 bytes (2 switches on core 0)
[pid: 4529|app: 0|req: 5/5] 123.144.101.176 () {44 vars in 768 bytes} [Thu Feb 20 10:47:37 2020] GET /wxl/wx => generated 22368 bytes in 4 msecs (HTTP/1.1 500) 1 headers in 63 bytes (2 switches on core 0)
[pid: 4529|app: 0|req: 6/6] 123.144.101.176 () {44 vars in 768 bytes} [Thu Feb 20 10:47:48 2020] GET /wxl/wx => generated 22368 bytes in 4 msecs (HTTP/1.1 500) 1 headers in 63 bytes (2 switches on core 0)
[pid: 4529|app: 0|req: 7/7] 123.144.101.176 () {44 vars in 768 bytes} [Thu Feb 20 10:47:49 2020] GET /wxl/wx => generated 22368 bytes in 4 msecs (HTTP/1.1 500) 1 headers in 63 bytes (2 switches on core 0)
[pid: 4529|app: 0|req: 8/8] 123.144.101.176 () {44 vars in 768 bytes} [Thu Feb 20 10:47:49 2020] GET /wxl/wx => generated 22368 bytes in 4 msecs (HTTP/1.1 500) 1 headers in 63 bytes (2 switches on core 0)
[pid: 4529|app: 0|req: 9/9] 123.144.101.176 () {44 vars in 768 bytes} [Thu Feb 20 10:47:49 2020] GET /wxl/wx => generated 22368 bytes in 4 msecs (HTTP/1.1 500) 1 headers in 63 bytes (2 switches on core 0)
[pid: 4529|app: 0|req: 10/10] 123.144.101.176 () {44 vars in 768 bytes} [Thu Feb 20 10:47:53 2020] GET /wxl/wx => generated 22368 bytes in 4 msecs (HTTP/1.1 500) 1 headers in 63 bytes (2 switches on core 0)
[pid: 4529|app: 0|req: 11/11] 123.144.101.176 () {44 vars in 768 bytes} [Thu Feb 20 10:49:44 2020] GET /wxl/wx => generated 22368 bytes in 5 msecs (HTTP/1.1 500) 1 headers in 63 bytes (2 switches on core 0)
*** Starting uWSGI 2.0.18 (64bit) on [Thu Feb 20 10:50:43 2020] ***
compiled with version: 4.8.5 20150623 (Red Hat 4.8.5-39) on 19 February 2020 11:51:08
os: Linux-3.10.0-957.21.3.el7.x86_64 #1 SMP Tue Jun 18 16:35:19 UTC 2019
nodename: instance-p4xw2lvm
machine: x86_64
clock source: unix
pcre jit disabled
detected number of CPU cores: 1
current working directory: /www/wx/wx
writing pidfile to /www/wx/wx/uwsgi8106.pid
detected binary path: /usr/bin/uwsgi
uWSGI running as root, you can use --uid/--gid/--chroot options
*** WARNING: you are running uWSGI as root !!! (use the --uid flag) *** 
*** WARNING: you are running uWSGI without its master process manager ***
your processes number limit is 3881
your memory page size is 4096 bytes
detected max file descriptor number: 65535
lock engine: pthread robust mutexes
thunder lock: disabled (you can enable it with --thunder-lock)
uwsgi socket 0 bound to TCP address 127.0.0.1:8106 fd 3
uWSGI running as root, you can use --uid/--gid/--chroot options
*** WARNING: you are running uWSGI as root !!! (use the --uid flag) *** 
Python version: 2.7.5 (default, Aug  7 2019, 00:51:29)  [GCC 4.8.5 20150623 (Red Hat 4.8.5-39)]
*** Python threads support is disabled. You can enable it with --enable-threads ***
Python main interpreter initialized at 0xa12380
uWSGI running as root, you can use --uid/--gid/--chroot options
*** WARNING: you are running uWSGI as root !!! (use the --uid flag) *** 
your server socket listen backlog is limited to 100 connections
your mercy for graceful operations on workers is 60 seconds
mapped 72920 bytes (71 KB) for 1 cores
*** Operational MODE: single process ***
WSGI app 0 (mountpoint='') ready in 0 seconds on interpreter 0xa12380 pid: 4745 (default app)
uWSGI running as root, you can use --uid/--gid/--chroot options
*** WARNING: you are running uWSGI as root !!! (use the --uid flag) *** 
*** uWSGI is running in multiple interpreter mode ***
spawned uWSGI worker 1 (and the only) (pid: 4745, cores: 1)
[pid: 4745|app: 0|req: 1/1] 123.144.101.176 () {44 vars in 768 bytes} [Thu Feb 20 10:51:52 2020] GET /wxl/wx => generated 26 bytes in 1 msecs (HTTP/1.1 200) 0 headers in 19 bytes (2 switches on core 0)
